
========================================================================
Wed 12-02-2020 12:12:13:: INFO    : Processing ds9.fits
Wed 12-02-2020 12:12:13:: INFO    : PyBDSF version 1.9.2
Wed 12-02-2020 12:12:13:: INFO    : Non-default input parameters:
                                        filename             = 'ds9.fits'
                                        frequency            = 1000000000.0
Wed 12-02-2020 12:12:13:: USERINFO: --> Opened 'ds9.fits'
Wed 12-02-2020 12:12:13:: INFO    : Original data shape of ds9.fits: (5759, 5759)
Wed 12-02-2020 12:12:13:: INFO    : Final data shape (npol, nchan, x, y): (1, 1, 5759, 5759)
Wed 12-02-2020 12:12:14:: USERINFO: Image size .............................. : (5759, 5759) pixels
Wed 12-02-2020 12:12:14:: USERINFO: Number of channels ...................... : 1
Wed 12-02-2020 12:12:14:: USERINFO: Number of Stokes parameters ............. : 1
Wed 12-02-2020 12:12:14:: USERINFO: Beam shape (major, minor, pos angle) .... : (2.08880e-03, 2.04210e-03, 40.3) degrees
Wed 12-02-2020 12:12:14:: INFO    : Using user-specified frequency.
Wed 12-02-2020 12:12:14:: INFO    : Equinox of image is 2000.000000.
Wed 12-02-2020 12:12:14:: USERINFO: Frequency of image ...................... : 1000.000 MHz
Wed 12-02-2020 12:12:14:: USERINFO: Number of blank pixels .................. : 4578503 (13.8%)
Wed 12-02-2020 12:12:20:: INFO    : Raw mean (Stokes I) =  0.0015 mJy and raw rms =  0.0965 mJy 
Wed 12-02-2020 12:12:20:: INFO    : sigma clipped mean (Stokes I) =  -0.0007 mJy and  sigma clipped rms =  0.0033 mJy 
Wed 12-02-2020 12:12:20:: USERINFO: Flux from sum of (non-blank) pixels ..... : 1.061 Jy
Wed 12-02-2020 12:12:20:: INFO    : Estimated bmpersrc_th =   54.25
Wed 12-02-2020 12:12:20:: INFO    : Parameter confused is False
Wed 12-02-2020 12:12:20:: USERINFO: --> Calculating background rms and mean images
Wed 12-02-2020 12:12:20:: INFO    : Estimated size of brightest source (pixels) = 5
Wed 12-02-2020 12:12:21:: INFO    : Maximum extent of largest 10-sigma island using clipped rms (pixels) = 119
Wed 12-02-2020 12:12:50:: USERINFO: Derived rms_box (box size, step size) ... : (595, 198) pixels
Wed 12-02-2020 12:12:50:: INFO    : Background rms and mean images computed
Wed 12-02-2020 12:12:51:: USERINFO: --> Variation in rms image significant
Wed 12-02-2020 12:12:51:: USERINFO: --> Using 2D map for background rms
Wed 12-02-2020 12:12:51:: USERINFO: --> Variation in mean image significant
Wed 12-02-2020 12:12:51:: USERINFO: --> Using 2D map for background mean
Wed 12-02-2020 12:12:51:: USERINFO: Min/max values of background rms map .... : (2.33e-06, 5.98e-06) Jy/beam
Wed 12-02-2020 12:12:52:: USERINFO: Min/max values of background mean map ... : (-3.15e-06, 5.56e-07) Jy/beam
Wed 12-02-2020 12:12:52:: USERINFO: --> Expected 5-sigma-clipped false detection rate < fdr_ratio
Wed 12-02-2020 12:12:52:: USERINFO: --> Using sigma-clipping ('hard') thresholding
Wed 12-02-2020 12:12:52:: USERINFO: Minimum number of pixels per island ..... : 13
Wed 12-02-2020 12:12:58:: USERINFO: Number of islands found ................. : 9614
Wed 12-02-2020 12:25:10:: USERINFO: Total number of Gaussians fit to image .. : 11402
Wed 12-02-2020 12:25:10:: USERINFO: Total flux density in model ............. : 1.473 Jy
Wed 12-02-2020 12:25:12:: USERINFO: --> Grouping Gaussians into sources
Wed 12-02-2020 12:25:23:: USERINFO: Number of sources formed from Gaussians   : 10514
Wed 12-02-2020 12:25:23:: WARNING : All Gaussians were flagged for the following islands:
                                        Island #51 (x=232, y=4279)
                                        Island #113 (x=448, y=799)
                                        Island #188 (x=648, y=3855)
                                        Island #194 (x=657, y=3809)
                                        Island #231 (x=734, y=4420)
                                        Island #260 (x=754, y=2995)
                                        Island #349 (x=861, y=2787)
                                        Island #372 (x=883, y=5025)
                                        Island #403 (x=909, y=1961)
                                        Island #447 (x=944, y=2589)
                                        Island #733 (x=1185, y=1656)
                                        Island #793 (x=1233, y=3531)
                                        Island #804 (x=1244, y=3782)
                                        Island #860 (x=1286, y=4478)
                                        Island #906 (x=1315, y=3343)
                                        Island #919 (x=1325, y=1861)
                                        Island #1090 (x=1434, y=1450)
                                        Island #1100 (x=1444, y=2432)
                                        Island #1289 (x=1549, y=1954)
                                        Island #1292 (x=1548, y=1131)
                                        Island #1341 (x=1578, y=3185)
                                        Island #1375 (x=1602, y=3029)
                                        Island #1385 (x=1613, y=1622)
                                        Island #1413 (x=1624, y=1621)
                                        Island #1429 (x=1631, y=1661)
                                        Island #1587 (x=1706, y=3637)
                                        Island #1606 (x=1720, y=3385)
                                        Island #1625 (x=1728, y=2168)
                                        Island #2068 (x=1943, y=3063)
                                        Island #2120 (x=1968, y=4717)
                                        Island #2126 (x=1974, y=2580)
                                        Island #2190 (x=1996, y=2208)
                                        Island #2397 (x=2069, y=4038)
                                        Island #2443 (x=2086, y=342)
                                        Island #2519 (x=2116, y=3444)
                                        Island #2725 (x=2196, y=4050)
                                        Island #2981 (x=2290, y=4163)
                                        Island #3140 (x=2352, y=1757)
                                        Island #3241 (x=2394, y=2439)
                                        Island #3280 (x=2406, y=2902)
                                        Island #3368 (x=2431, y=4405)
                                        Island #3372 (x=2433, y=3652)
                                        Island #3427 (x=2463, y=1807)
                                        Island #3521 (x=2492, y=3970)
                                        Island #3708 (x=2557, y=852)
                                        Island #3899 (x=2616, y=1466)
                                        Island #4023 (x=2658, y=2003)
                                        Island #4372 (x=2793, y=1495)
                                        Island #4376 (x=2781, y=2526)
                                        Island #4403 (x=2798, y=1578)
                                        Island #4530 (x=2844, y=2664)
                                        Island #4715 (x=2908, y=5505)
                                        Island #4779 (x=2934, y=4610)
                                        Island #4821 (x=2952, y=1382)
                                        Island #4842 (x=2957, y=4520)
                                        Island #4869 (x=2976, y=3768)
                                        Island #5267 (x=3106, y=3076)
                                        Island #5301 (x=3117, y=2759)
                                        Island #5563 (x=3205, y=2697)
                                        Island #5583 (x=3209, y=3381)
                                        Island #5587 (x=3207, y=4265)
                                        Island #5617 (x=3219, y=2618)
                                        Island #5643 (x=3231, y=1973)
                                        Island #5923 (x=3337, y=1870)
                                        Island #5949 (x=3338, y=3317)
                                        Island #6037 (x=3365, y=4975)
                                        Island #6264 (x=3450, y=2486)
                                        Island #6267 (x=3451, y=2390)
                                        Island #6335 (x=3475, y=3218)
                                        Island #6498 (x=3523, y=1232)
                                        Island #6506 (x=3527, y=1676)
                                        Island #6548 (x=3544, y=2504)
                                        Island #6729 (x=3626, y=2949)
                                        Island #6795 (x=3649, y=2836)
                                        Island #6920 (x=3694, y=1238)
                                        Island #6930 (x=3695, y=4100)
                                        Island #6977 (x=3715, y=1486)
                                        Island #7249 (x=3824, y=4026)
                                        Island #7320 (x=3854, y=1611)
                                        Island #7537 (x=3935, y=2720)
                                        Island #7559 (x=3944, y=2223)
                                        Island #7615 (x=3966, y=3376)
                                        Island #7637 (x=3973, y=3141)
                                        Island #7690 (x=3994, y=817)
                                        Island #7825 (x=4052, y=5629)
                                        Island #8190 (x=4230, y=3064)
                                        Island #8348 (x=4314, y=3975)
                                        Island #8502 (x=4418, y=2427)
                                        Island #8706 (x=4553, y=866)
                                        Island #8776 (x=4593, y=2396)
                                        Island #8829 (x=4622, y=3559)
                                        Island #8914 (x=4681, y=894)
                                        Island #9167 (x=4912, y=3471)
                                        Island #9183 (x=4922, y=2019)
                                        Island #9252 (x=5004, y=2734)
                                        Island #9311 (x=5069, y=2330)
                                        Island #9348 (x=5117, y=3190)
                                        Island #9421 (x=5239, y=2594)
                                        Island #9447 (x=5278, y=2637)
                                        Island #9542 (x=5511, y=2765)
                                        Island #9580 (x=5644, y=1470)
                                        Island #9584 (x=5652, y=1470)
                                        Island #9609 (x=5758, y=1870)
                                        Island #9611 (x=5758, y=3487)
                                        Island #9613 (x=5758, y=3406)
                                    Please check these islands. If they are valid islands and
                                    should be fit, try adjusting the flagging options (use
                                    show_fit with "ch0_flagged=True" to see the flagged Gaussians)
                                    or enabling the wavelet module (with "atrous_do=True").
                                    To include empty islands in output source catalogs, set
                                    incl_empty=True in the write_catalog task.
Wed 12-02-2020 12:25:28:: INFO    : Calculating residual image after subtracting reconstructed gaussians
Wed 12-02-2020 12:25:33:: INFO    : Statistics of the Gaussian residual image:
                                            mean: -5.782e-07 (Jy/beam)
                                        std. dev: 3.338e-06 (Jy/beam)
                                            skew: 0.900
                                        kurtosis: 445.688
Wed 12-02-2020 12:25:39:: INFO    : Internally derived parameters:
                                        beam                 : (0.0020888, 0.0020421, 40.3)
                                        bmpersrc_th          : 54.25451104235116
                                        indir                : './'
                                        minpix_isl           : 13
                                        rms_box              : (595, 198)
                                        rms_box_bright       : (238, 79)
                                        thresh               : 'hard'
Wed 12-02-2020 12:56:10:: INFO    : Writing ds9.pybdsm.srl.fits

========================================================================
Wed 12-02-2020 12:56:28:: INFO    : Processing ds9.fits
Wed 12-02-2020 12:56:34:: INFO    : PyBDSF version 1.9.2
Wed 12-02-2020 12:56:34:: INFO    : Non-default input parameters:
                                        filename             = 'ds9.fits'
                                        frequency            = 1000000000.0
Wed 12-02-2020 12:56:34:: USERINFO: --> Opened 'ds9.fits'
Wed 12-02-2020 12:56:34:: INFO    : Original data shape of ds9.fits: (5759, 5759)
Wed 12-02-2020 12:56:34:: INFO    : Final data shape (npol, nchan, x, y): (1, 1, 5759, 5759)
Wed 12-02-2020 12:56:34:: USERINFO: Image size .............................. : (5759, 5759) pixels
Wed 12-02-2020 12:56:34:: USERINFO: Number of channels ...................... : 1
Wed 12-02-2020 12:56:34:: USERINFO: Number of Stokes parameters ............. : 1
Wed 12-02-2020 12:56:34:: USERINFO: Beam shape (major, minor, pos angle) .... : (2.08880e-03, 2.04210e-03, 40.3) degrees
Wed 12-02-2020 12:56:34:: INFO    : Using user-specified frequency.
Wed 12-02-2020 12:56:34:: INFO    : Equinox of image is 2000.000000.
Wed 12-02-2020 12:56:35:: USERINFO: Frequency of image ...................... : 1000.000 MHz
Wed 12-02-2020 12:56:35:: USERINFO: Number of blank pixels .................. : 4578503 (13.8%)
Wed 12-02-2020 12:56:40:: INFO    : Raw mean (Stokes I) =  0.0015 mJy and raw rms =  0.0965 mJy 
Wed 12-02-2020 12:56:40:: INFO    : sigma clipped mean (Stokes I) =  -0.0007 mJy and  sigma clipped rms =  0.0033 mJy 
Wed 12-02-2020 12:56:40:: USERINFO: Flux from sum of (non-blank) pixels ..... : 1.061 Jy
Wed 12-02-2020 12:56:41:: INFO    : Estimated bmpersrc_th =   54.25
Wed 12-02-2020 12:56:41:: INFO    : Parameter confused is False
Wed 12-02-2020 12:56:41:: USERINFO: --> Calculating background rms and mean images
Wed 12-02-2020 12:56:41:: INFO    : Estimated size of brightest source (pixels) = 5
Wed 12-02-2020 12:56:42:: INFO    : Maximum extent of largest 10-sigma island using clipped rms (pixels) = 119

========================================================================
Wed 12-02-2020 14:32:39:: INFO    : Processing ds9.fits
Wed 12-02-2020 14:32:39:: INFO    : PyBDSF version 1.9.2
Wed 12-02-2020 14:32:39:: INFO    : Non-default input parameters:
                                        filename             = 'ds9.fits'
                                        frequency            = 1000000000.0
Wed 12-02-2020 14:32:39:: USERINFO: --> Opened 'ds9.fits'
Wed 12-02-2020 14:32:39:: INFO    : Original data shape of ds9.fits: (5759, 5759)
Wed 12-02-2020 14:32:39:: INFO    : Final data shape (npol, nchan, x, y): (1, 1, 5759, 5759)
Wed 12-02-2020 14:32:39:: USERINFO: Image size .............................. : (5759, 5759) pixels
Wed 12-02-2020 14:32:39:: USERINFO: Number of channels ...................... : 1
Wed 12-02-2020 14:32:39:: USERINFO: Number of Stokes parameters ............. : 1
Wed 12-02-2020 14:32:39:: USERINFO: Beam shape (major, minor, pos angle) .... : (2.08880e-03, 2.04210e-03, 40.3) degrees
Wed 12-02-2020 14:32:39:: INFO    : Using user-specified frequency.
Wed 12-02-2020 14:32:39:: INFO    : Equinox of image is 2000.000000.
Wed 12-02-2020 14:32:39:: USERINFO: Frequency of image ...................... : 1000.000 MHz
Wed 12-02-2020 14:32:39:: USERINFO: Number of blank pixels .................. : 4578503 (13.8%)
Wed 12-02-2020 14:32:44:: INFO    : Raw mean (Stokes I) =  0.0015 mJy and raw rms =  0.0965 mJy 
Wed 12-02-2020 14:32:44:: INFO    : sigma clipped mean (Stokes I) =  -0.0007 mJy and  sigma clipped rms =  0.0033 mJy 
Wed 12-02-2020 14:32:44:: USERINFO: Flux from sum of (non-blank) pixels ..... : 1.061 Jy
Wed 12-02-2020 14:32:45:: INFO    : Estimated bmpersrc_th =   54.25
Wed 12-02-2020 14:32:45:: INFO    : Parameter confused is False
Wed 12-02-2020 14:32:45:: USERINFO: --> Calculating background rms and mean images
Wed 12-02-2020 14:32:45:: INFO    : Estimated size of brightest source (pixels) = 5
Wed 12-02-2020 14:32:45:: INFO    : Maximum extent of largest 10-sigma island using clipped rms (pixels) = 119
Wed 12-02-2020 14:33:14:: USERINFO: Derived rms_box (box size, step size) ... : (595, 198) pixels
Wed 12-02-2020 14:33:14:: INFO    : Background rms and mean images computed
Wed 12-02-2020 14:33:15:: USERINFO: --> Variation in rms image significant
Wed 12-02-2020 14:33:15:: USERINFO: --> Using 2D map for background rms
Wed 12-02-2020 14:33:16:: USERINFO: --> Variation in mean image significant
Wed 12-02-2020 14:33:16:: USERINFO: --> Using 2D map for background mean
Wed 12-02-2020 14:33:16:: USERINFO: Min/max values of background rms map .... : (2.33e-06, 5.98e-06) Jy/beam
Wed 12-02-2020 14:33:16:: USERINFO: Min/max values of background mean map ... : (-3.15e-06, 5.56e-07) Jy/beam
Wed 12-02-2020 14:33:16:: USERINFO: --> Expected 5-sigma-clipped false detection rate < fdr_ratio
Wed 12-02-2020 14:33:16:: USERINFO: --> Using sigma-clipping ('hard') thresholding
Wed 12-02-2020 14:33:16:: USERINFO: Minimum number of pixels per island ..... : 13
Wed 12-02-2020 14:33:22:: USERINFO: Number of islands found ................. : 9614
Wed 12-02-2020 14:45:35:: USERINFO: Total number of Gaussians fit to image .. : 11402
Wed 12-02-2020 14:45:35:: USERINFO: Total flux density in model ............. : 1.473 Jy
Wed 12-02-2020 14:45:38:: USERINFO: --> Grouping Gaussians into sources
Wed 12-02-2020 14:45:50:: USERINFO: Number of sources formed from Gaussians   : 10514
Wed 12-02-2020 14:45:50:: WARNING : All Gaussians were flagged for the following islands:
                                        Island #51 (x=232, y=4279)
                                        Island #113 (x=448, y=799)
                                        Island #188 (x=648, y=3855)
                                        Island #194 (x=657, y=3809)
                                        Island #231 (x=734, y=4420)
                                        Island #260 (x=754, y=2995)
                                        Island #349 (x=861, y=2787)
                                        Island #372 (x=883, y=5025)
                                        Island #403 (x=909, y=1961)
                                        Island #447 (x=944, y=2589)
                                        Island #733 (x=1185, y=1656)
                                        Island #793 (x=1233, y=3531)
                                        Island #804 (x=1244, y=3782)
                                        Island #860 (x=1286, y=4478)
                                        Island #906 (x=1315, y=3343)
                                        Island #919 (x=1325, y=1861)
                                        Island #1090 (x=1434, y=1450)
                                        Island #1100 (x=1444, y=2432)
                                        Island #1289 (x=1549, y=1954)
                                        Island #1292 (x=1548, y=1131)
                                        Island #1341 (x=1578, y=3185)
                                        Island #1375 (x=1602, y=3029)
                                        Island #1385 (x=1613, y=1622)
                                        Island #1413 (x=1624, y=1621)
                                        Island #1429 (x=1631, y=1661)
                                        Island #1587 (x=1706, y=3637)
                                        Island #1606 (x=1720, y=3385)
                                        Island #1625 (x=1728, y=2168)
                                        Island #2068 (x=1943, y=3063)
                                        Island #2120 (x=1968, y=4717)
                                        Island #2126 (x=1974, y=2580)
                                        Island #2190 (x=1996, y=2208)
                                        Island #2397 (x=2069, y=4038)
                                        Island #2443 (x=2086, y=342)
                                        Island #2519 (x=2116, y=3444)
                                        Island #2725 (x=2196, y=4050)
                                        Island #2981 (x=2290, y=4163)
                                        Island #3140 (x=2352, y=1757)
                                        Island #3241 (x=2394, y=2439)
                                        Island #3280 (x=2406, y=2902)
                                        Island #3368 (x=2431, y=4405)
                                        Island #3372 (x=2433, y=3652)
                                        Island #3427 (x=2463, y=1807)
                                        Island #3521 (x=2492, y=3970)
                                        Island #3708 (x=2557, y=852)
                                        Island #3899 (x=2616, y=1466)
                                        Island #4023 (x=2658, y=2003)
                                        Island #4372 (x=2793, y=1495)
                                        Island #4376 (x=2781, y=2526)
                                        Island #4403 (x=2798, y=1578)
                                        Island #4530 (x=2844, y=2664)
                                        Island #4715 (x=2908, y=5505)
                                        Island #4779 (x=2934, y=4610)
                                        Island #4821 (x=2952, y=1382)
                                        Island #4842 (x=2957, y=4520)
                                        Island #4869 (x=2976, y=3768)
                                        Island #5267 (x=3106, y=3076)
                                        Island #5301 (x=3117, y=2759)
                                        Island #5563 (x=3205, y=2697)
                                        Island #5583 (x=3209, y=3381)
                                        Island #5587 (x=3207, y=4265)
                                        Island #5617 (x=3219, y=2618)
                                        Island #5643 (x=3231, y=1973)
                                        Island #5923 (x=3337, y=1870)
                                        Island #5949 (x=3338, y=3317)
                                        Island #6037 (x=3365, y=4975)
                                        Island #6264 (x=3450, y=2486)
                                        Island #6267 (x=3451, y=2390)
                                        Island #6335 (x=3475, y=3218)
                                        Island #6498 (x=3523, y=1232)
                                        Island #6506 (x=3527, y=1676)
                                        Island #6548 (x=3544, y=2504)
                                        Island #6729 (x=3626, y=2949)
                                        Island #6795 (x=3649, y=2836)
                                        Island #6920 (x=3694, y=1238)
                                        Island #6930 (x=3695, y=4100)
                                        Island #6977 (x=3715, y=1486)
                                        Island #7249 (x=3824, y=4026)
                                        Island #7320 (x=3854, y=1611)
                                        Island #7537 (x=3935, y=2720)
                                        Island #7559 (x=3944, y=2223)
                                        Island #7615 (x=3966, y=3376)
                                        Island #7637 (x=3973, y=3141)
                                        Island #7690 (x=3994, y=817)
                                        Island #7825 (x=4052, y=5629)
                                        Island #8190 (x=4230, y=3064)
                                        Island #8348 (x=4314, y=3975)
                                        Island #8502 (x=4418, y=2427)
                                        Island #8706 (x=4553, y=866)
                                        Island #8776 (x=4593, y=2396)
                                        Island #8829 (x=4622, y=3559)
                                        Island #8914 (x=4681, y=894)
                                        Island #9167 (x=4912, y=3471)
                                        Island #9183 (x=4922, y=2019)
                                        Island #9252 (x=5004, y=2734)
                                        Island #9311 (x=5069, y=2330)
                                        Island #9348 (x=5117, y=3190)
                                        Island #9421 (x=5239, y=2594)
                                        Island #9447 (x=5278, y=2637)
                                        Island #9542 (x=5511, y=2765)
                                        Island #9580 (x=5644, y=1470)
                                        Island #9584 (x=5652, y=1470)
                                        Island #9609 (x=5758, y=1870)
                                        Island #9611 (x=5758, y=3487)
                                        Island #9613 (x=5758, y=3406)
                                    Please check these islands. If they are valid islands and
                                    should be fit, try adjusting the flagging options (use
                                    show_fit with "ch0_flagged=True" to see the flagged Gaussians)
                                    or enabling the wavelet module (with "atrous_do=True").
                                    To include empty islands in output source catalogs, set
                                    incl_empty=True in the write_catalog task.
Wed 12-02-2020 14:45:54:: INFO    : Calculating residual image after subtracting reconstructed gaussians
Wed 12-02-2020 14:46:02:: INFO    : Statistics of the Gaussian residual image:
                                            mean: -5.782e-07 (Jy/beam)
                                        std. dev: 3.338e-06 (Jy/beam)
                                            skew: 0.900
                                        kurtosis: 445.688
Wed 12-02-2020 14:46:08:: INFO    : Internally derived parameters:
                                        beam                 : (0.0020888, 0.0020421, 40.3)
                                        bmpersrc_th          : 54.25451104235116
                                        indir                : './'
                                        minpix_isl           : 13
                                        rms_box              : (595, 198)
                                        rms_box_bright       : (238, 79)
                                        thresh               : 'hard'
